# JRE version: OpenJDK Runtime Environment (8.0_282-b08) (build 1.8.0_282-8u282-b08-0ubuntu1~20.04-b08)
# Java VM: OpenJDK 64-Bit Server VM (25.282-b08 mixed mode linux-amd64 compressed oops)
Heap:
 PSYoungGen      total 137216K, used 33060K [0x000000076d000000, 0x0000000779e80000, 0x00000007c0000000)
  eden space 126976K, 17% used [0x000000076d000000,0x000000076e64c088,0x0000000774c00000)
  from space 10240K, 99% used [0x0000000774c00000,0x00000007755fd1f0,0x0000000775600000)
  to   space 17920K, 0% used [0x0000000778d00000,0x0000000778d00000,0x0000000779e80000)
 ParOldGen       total 89088K, used 13590K [0x00000006c7000000, 0x00000006cc700000, 0x000000076d000000)
  object space 89088K, 15% used [0x00000006c7000000,0x00000006c7d45a38,0x00000006cc700000)
 Metaspace       used 32156K, capacity 34226K, committed 34432K, reserved 1079296K
  class space    used 4313K, capacity 4696K, committed 4736K, reserved 1048576K
GC Heap History (10 events):
Event: 0.623 GC heap before
{Heap before GC invocations=2 (full 0):
 PSYoungGen      total 74752K, used 72017K [0x000000076d000000, 0x0000000772300000, 0x00000007c0000000)
  eden space 64512K, 100% used [0x000000076d000000,0x0000000770f00000,0x0000000770f00000)
  from space 10240K, 73% used [0x0000000770f00000,0x0000000771654570,0x0000000771900000)
  to   space 10240K, 0% used [0x0000000771900000,0x0000000771900000,0x0000000772300000)
 ParOldGen       total 171008K, used 16K [0x00000006c7000000, 0x00000006d1700000, 0x000000076d000000)
  object space 171008K, 0% used [0x00000006c7000000,0x00000006c7004000,0x00000006d1700000)
 Metaspace       used 20159K, capacity 21068K, committed 21296K, reserved 1067008K
  class space    used 2659K, capacity 2864K, committed 2944K, reserved 1048576K
Event: 0.628 GC heap after
Heap after GC invocations=2 (full 0):
 PSYoungGen      total 74752K, used 10238K [0x000000076d000000, 0x0000000776200000, 0x00000007c0000000)
  eden space 64512K, 0% used [0x000000076d000000,0x000000076d000000,0x0000000770f00000)
  from space 10240K, 99% used [0x0000000771900000,0x00000007722ffbd8,0x0000000772300000)
  to   space 10240K, 0% used [0x0000000770f00000,0x0000000770f00000,0x0000000771900000)
 ParOldGen       total 171008K, used 867K [0x00000006c7000000, 0x00000006d1700000, 0x000000076d000000)
  object space 171008K, 0% used [0x00000006c7000000,0x00000006c70d8dd0,0x00000006d1700000)
 Metaspace       used 20159K, capacity 21068K, committed 21296K, reserved 1067008K
  class space    used 2659K, capacity 2864K, committed 2944K, reserved 1048576K
}
Event: 0.646 GC heap before
{Heap before GC invocations=3 (full 0):
 PSYoungGen      total 74752K, used 16319K [0x000000076d000000, 0x0000000776200000, 0x00000007c0000000)
  eden space 64512K, 9% used [0x000000076d000000,0x000000076d5f0310,0x0000000770f00000)
  from space 10240K, 99% used [0x0000000771900000,0x00000007722ffbd8,0x0000000772300000)
  to   space 10240K, 0% used [0x0000000770f00000,0x0000000770f00000,0x0000000771900000)
 ParOldGen       total 171008K, used 867K [0x00000006c7000000, 0x00000006d1700000, 0x000000076d000000)
  object space 171008K, 0% used [0x00000006c7000000,0x00000006c70d8dd0,0x00000006d1700000)
 Metaspace       used 20253K, capacity 21200K, committed 21296K, reserved 1067008K
  class space    used 2676K, capacity 2902K, committed 2944K, reserved 1048576K
Event: 0.649 GC heap after
Heap after GC invocations=3 (full 0):
 PSYoungGen      total 74752K, used 5776K [0x000000076d000000, 0x0000000776200000, 0x00000007c0000000)
  eden space 64512K, 0% used [0x000000076d000000,0x000000076d000000,0x0000000770f00000)
  from space 10240K, 56% used [0x0000000770f00000,0x00000007714a4020,0x0000000771900000)
  to   space 10240K, 0% used [0x0000000775800000,0x0000000775800000,0x0000000776200000)
 ParOldGen       total 171008K, used 875K [0x00000006c7000000, 0x00000006d1700000, 0x000000076d000000)
  object space 171008K, 0% used [0x00000006c7000000,0x00000006c70dadd0,0x00000006d1700000)
 Metaspace       used 20253K, capacity 21200K, committed 21296K, reserved 1067008K
  class space    used 2676K, capacity 2902K, committed 2944K, reserved 1048576K
}
Event: 0.649 GC heap before
{Heap before GC invocations=4 (full 1):
 PSYoungGen      total 74752K, used 5776K [0x000000076d000000, 0x0000000776200000, 0x00000007c0000000)
  eden space 64512K, 0% used [0x000000076d000000,0x000000076d000000,0x0000000770f00000)
  from space 10240K, 56% used [0x0000000770f00000,0x00000007714a4020,0x0000000771900000)
  to   space 10240K, 0% used [0x0000000775800000,0x0000000775800000,0x0000000776200000)
 ParOldGen       total 171008K, used 875K [0x00000006c7000000, 0x00000006d1700000, 0x000000076d000000)
  object space 171008K, 0% used [0x00000006c7000000,0x00000006c70dadd0,0x00000006d1700000)
 Metaspace       used 20253K, capacity 21200K, committed 21296K, reserved 1067008K
  class space    used 2676K, capacity 2902K, committed 2944K, reserved 1048576K
Event: 0.663 GC heap after
Heap after GC invocations=4 (full 1):
 PSYoungGen      total 74752K, used 0K [0x000000076d000000, 0x0000000776200000, 0x00000007c0000000)
  eden space 64512K, 0% used [0x000000076d000000,0x000000076d000000,0x0000000770f00000)
  from space 10240K, 0% used [0x0000000770f00000,0x0000000770f00000,0x0000000771900000)
  to   space 10240K, 0% used [0x0000000775800000,0x0000000775800000,0x0000000776200000)
 ParOldGen       total 89088K, used 5550K [0x00000006c7000000, 0x00000006cc700000, 0x000000076d000000)
  object space 89088K, 6% used [0x00000006c7000000,0x00000006c756b848,0x00000006cc700000)
 Metaspace       used 20253K, capacity 21200K, committed 21296K, reserved 1067008K
  class space    used 2676K, capacity 2902K, committed 2944K, reserved 1048576K
}
Event: 0.926 GC heap before
{Heap before GC invocations=5 (full 1):
 PSYoungGen      total 74752K, used 64512K [0x000000076d000000, 0x0000000776200000, 0x00000007c0000000)
  eden space 64512K, 100% used [0x000000076d000000,0x0000000770f00000,0x0000000770f00000)
  from space 10240K, 0% used [0x0000000770f00000,0x0000000770f00000,0x0000000771900000)
  to   space 10240K, 0% used [0x0000000775800000,0x0000000775800000,0x0000000776200000)
 ParOldGen       total 89088K, used 5550K [0x00000006c7000000, 0x00000006cc700000, 0x000000076d000000)
  object space 89088K, 6% used [0x00000006c7000000,0x00000006c756b848,0x00000006cc700000)
 Metaspace       used 26003K, capacity 27616K, committed 27904K, reserved 1073152K
  class space    used 3460K, capacity 3796K, committed 3840K, reserved 1048576K
Event: 0.930 GC heap after
Heap after GC invocations=5 (full 1):
 PSYoungGen      total 116736K, used 7944K [0x000000076d000000, 0x0000000776000000, 0x00000007c0000000)
  eden space 108544K, 0% used [0x000000076d000000,0x000000076d000000,0x0000000773a00000)
  from space 8192K, 96% used [0x0000000775800000,0x0000000775fc21b8,0x0000000776000000)
  to   space 10240K, 0% used [0x0000000774c00000,0x0000000774c00000,0x0000000775600000)
 ParOldGen       total 89088K, used 5558K [0x00000006c7000000, 0x00000006cc700000, 0x000000076d000000)
  object space 89088K, 6% used [0x00000006c7000000,0x00000006c756d848,0x00000006cc700000)
 Metaspace       used 26003K, capacity 27616K, committed 27904K, reserved 1073152K
  class space    used 3460K, capacity 3796K, committed 3840K, reserved 1048576K
}
Event: 4.524 GC heap before
{Heap before GC invocations=6 (full 1):
 PSYoungGen      total 116736K, used 116488K [0x000000076d000000, 0x0000000776000000, 0x00000007c0000000)
  eden space 108544K, 100% used [0x000000076d000000,0x0000000773a00000,0x0000000773a00000)
  from space 8192K, 96% used [0x0000000775800000,0x0000000775fc21b8,0x0000000776000000)
  to   space 10240K, 0% used [0x0000000774c00000,0x0000000774c00000,0x0000000775600000)
 ParOldGen       total 89088K, used 5558K [0x00000006c7000000, 0x00000006cc700000, 0x000000076d000000)
  object space 89088K, 6% used [0x00000006c7000000,0x00000006c756d848,0x00000006cc700000)
 Metaspace       used 31902K, capacity 33900K, committed 34176K, reserved 1079296K
  class space    used 4248K, capacity 4631K, committed 4736K, reserved 1048576K
Event: 4.529 GC heap after
Heap after GC invocations=6 (full 1):
 PSYoungGen      total 137216K, used 10228K [0x000000076d000000, 0x0000000779e80000, 0x00000007c0000000)
  eden space 126976K, 0% used [0x000000076d000000,0x000000076d000000,0x0000000774c00000)
  from space 10240K, 99% used [0x0000000774c00000,0x00000007755fd1f0,0x0000000775600000)
  to   space 17920K, 0% used [0x0000000778d00000,0x0000000778d00000,0x0000000779e80000)
 ParOldGen       total 89088K, used 13590K [0x00000006c7000000, 0x00000006cc700000, 0x000000076d000000)
  object space 89088K, 15% used [0x00000006c7000000,0x00000006c7d45a38,0x00000006cc700000)
 Metaspace       used 31902K, capacity 33900K, committed 34176K, reserved 1079296K
  class space    used 4248K, capacity 4631K, committed 4736K, reserved 1048576K
}

