# JRE version: OpenJDK Runtime Environment (8.0_282-b08) (build 1.8.0_282-8u282-b08-0ubuntu1~20.04-b08)
# Java VM: OpenJDK 64-Bit Server VM (25.282-b08 mixed mode linux-amd64 compressed oops)
Heap:
 PSYoungGen      total 222720K, used 75653K [0x000000076d000000, 0x000000077e000000, 0x00000007c0000000)
  eden space 212480K, 30% used [0x000000076d000000,0x0000000770fe3d90,0x0000000779f80000)
  from space 10240K, 99% used [0x000000077d600000,0x000000077dffd888,0x000000077e000000)
  to   space 10240K, 0% used [0x000000077cc00000,0x000000077cc00000,0x000000077d600000)
 ParOldGen       total 90624K, used 8297K [0x00000006c7000000, 0x00000006cc880000, 0x000000076d000000)
  object space 90624K, 9% used [0x00000006c7000000,0x00000006c781a4a8,0x00000006cc880000)
 Metaspace       used 32026K, capacity 34076K, committed 34432K, reserved 1079296K
  class space    used 4280K, capacity 4675K, committed 4736K, reserved 1048576K
GC Heap History (10 events):
Event: 0.466 GC heap before
{Heap before GC invocations=1 (full 0):
 PSYoungGen      total 74752K, used 64512K [0x000000076d000000, 0x0000000772300000, 0x00000007c0000000)
  eden space 64512K, 100% used [0x000000076d000000,0x0000000770f00000,0x0000000770f00000)
  from space 10240K, 0% used [0x0000000771900000,0x0000000771900000,0x0000000772300000)
  to   space 10240K, 0% used [0x0000000770f00000,0x0000000770f00000,0x0000000771900000)
 ParOldGen       total 171008K, used 0K [0x00000006c7000000, 0x00000006d1700000, 0x000000076d000000)
  object space 171008K, 0% used [0x00000006c7000000,0x00000006c7000000,0x00000006d1700000)
 Metaspace       used 14787K, capacity 15424K, committed 15744K, reserved 1062912K
  class space    used 1929K, capacity 2078K, committed 2176K, reserved 1048576K
Event: 0.471 GC heap after
Heap after GC invocations=1 (full 0):
 PSYoungGen      total 74752K, used 7399K [0x000000076d000000, 0x0000000776200000, 0x00000007c0000000)
  eden space 64512K, 0% used [0x000000076d000000,0x000000076d000000,0x0000000770f00000)
  from space 10240K, 72% used [0x0000000770f00000,0x0000000771639ee8,0x0000000771900000)
  to   space 10240K, 0% used [0x0000000775800000,0x0000000775800000,0x0000000776200000)
 ParOldGen       total 171008K, used 16K [0x00000006c7000000, 0x00000006d1700000, 0x000000076d000000)
  object space 171008K, 0% used [0x00000006c7000000,0x00000006c7004000,0x00000006d1700000)
 Metaspace       used 14787K, capacity 15424K, committed 15744K, reserved 1062912K
  class space    used 1929K, capacity 2078K, committed 2176K, reserved 1048576K
}
Event: 0.699 GC heap before
{Heap before GC invocations=2 (full 0):
 PSYoungGen      total 74752K, used 71911K [0x000000076d000000, 0x0000000776200000, 0x00000007c0000000)
  eden space 64512K, 100% used [0x000000076d000000,0x0000000770f00000,0x0000000770f00000)
  from space 10240K, 72% used [0x0000000770f00000,0x0000000771639ee8,0x0000000771900000)
  to   space 10240K, 0% used [0x0000000775800000,0x0000000775800000,0x0000000776200000)
 ParOldGen       total 171008K, used 16K [0x00000006c7000000, 0x00000006d1700000, 0x000000076d000000)
  object space 171008K, 0% used [0x00000006c7000000,0x00000006c7004000,0x00000006d1700000)
 Metaspace       used 20182K, capacity 21138K, committed 21296K, reserved 1067008K
  class space    used 2658K, capacity 2865K, committed 2944K, reserved 1048576K
Event: 0.705 GC heap after
Heap after GC invocations=2 (full 0):
 PSYoungGen      total 139264K, used 10215K [0x000000076d000000, 0x0000000776200000, 0x00000007c0000000)
  eden space 129024K, 0% used [0x000000076d000000,0x000000076d000000,0x0000000774e00000)
  from space 10240K, 99% used [0x0000000775800000,0x00000007761f9da0,0x0000000776200000)
  to   space 10240K, 0% used [0x0000000774e00000,0x0000000774e00000,0x0000000775800000)
 ParOldGen       total 171008K, used 985K [0x00000006c7000000, 0x00000006d1700000, 0x000000076d000000)
  object space 171008K, 0% used [0x00000006c7000000,0x00000006c70f6740,0x00000006d1700000)
 Metaspace       used 20182K, capacity 21138K, committed 21296K, reserved 1067008K
  class space    used 2658K, capacity 2865K, committed 2944K, reserved 1048576K
}
Event: 0.732 GC heap before
{Heap before GC invocations=3 (full 0):
 PSYoungGen      total 139264K, used 15581K [0x000000076d000000, 0x0000000776200000, 0x00000007c0000000)
  eden space 129024K, 4% used [0x000000076d000000,0x000000076d53d7e8,0x0000000774e00000)
  from space 10240K, 99% used [0x0000000775800000,0x00000007761f9da0,0x0000000776200000)
  to   space 10240K, 0% used [0x0000000774e00000,0x0000000774e00000,0x0000000775800000)
 ParOldGen       total 171008K, used 985K [0x00000006c7000000, 0x00000006d1700000, 0x000000076d000000)
  object space 171008K, 0% used [0x00000006c7000000,0x00000006c70f6740,0x00000006d1700000)
 Metaspace       used 20265K, capacity 21176K, committed 21296K, reserved 1067008K
  class space    used 2671K, capacity 2872K, committed 2944K, reserved 1048576K
Event: 0.735 GC heap after
Heap after GC invocations=3 (full 0):
 PSYoungGen      total 139264K, used 5712K [0x000000076d000000, 0x000000077e000000, 0x00000007c0000000)
  eden space 129024K, 0% used [0x000000076d000000,0x000000076d000000,0x0000000774e00000)
  from space 10240K, 55% used [0x0000000774e00000,0x00000007753941f0,0x0000000775800000)
  to   space 10240K, 0% used [0x000000077d600000,0x000000077d600000,0x000000077e000000)
 ParOldGen       total 171008K, used 993K [0x00000006c7000000, 0x00000006d1700000, 0x000000076d000000)
  object space 171008K, 0% used [0x00000006c7000000,0x00000006c70f8740,0x00000006d1700000)
 Metaspace       used 20265K, capacity 21176K, committed 21296K, reserved 1067008K
  class space    used 2671K, capacity 2872K, committed 2944K, reserved 1048576K
}
Event: 0.735 GC heap before
{Heap before GC invocations=4 (full 1):
 PSYoungGen      total 139264K, used 5712K [0x000000076d000000, 0x000000077e000000, 0x00000007c0000000)
  eden space 129024K, 0% used [0x000000076d000000,0x000000076d000000,0x0000000774e00000)
  from space 10240K, 55% used [0x0000000774e00000,0x00000007753941f0,0x0000000775800000)
  to   space 10240K, 0% used [0x000000077d600000,0x000000077d600000,0x000000077e000000)
 ParOldGen       total 171008K, used 993K [0x00000006c7000000, 0x00000006d1700000, 0x000000076d000000)
  object space 171008K, 0% used [0x00000006c7000000,0x00000006c70f8740,0x00000006d1700000)
 Metaspace       used 20265K, capacity 21176K, committed 21296K, reserved 1067008K
  class space    used 2671K, capacity 2872K, committed 2944K, reserved 1048576K
Event: 0.750 GC heap after
Heap after GC invocations=4 (full 1):
 PSYoungGen      total 139264K, used 0K [0x000000076d000000, 0x000000077e000000, 0x00000007c0000000)
  eden space 129024K, 0% used [0x000000076d000000,0x000000076d000000,0x0000000774e00000)
  from space 10240K, 0% used [0x0000000774e00000,0x0000000774e00000,0x0000000775800000)
  to   space 10240K, 0% used [0x000000077d600000,0x000000077d600000,0x000000077e000000)
 ParOldGen       total 90624K, used 5513K [0x00000006c7000000, 0x00000006cc880000, 0x000000076d000000)
  object space 90624K, 6% used [0x00000006c7000000,0x00000006c7562488,0x00000006cc880000)
 Metaspace       used 20265K, capacity 21176K, committed 21296K, reserved 1067008K
  class space    used 2671K, capacity 2872K, committed 2944K, reserved 1048576K
}
Event: 10.739 GC heap before
{Heap before GC invocations=5 (full 1):
 PSYoungGen      total 139264K, used 126472K [0x000000076d000000, 0x000000077e000000, 0x00000007c0000000)
  eden space 129024K, 98% used [0x000000076d000000,0x0000000774b820c0,0x0000000774e00000)
  from space 10240K, 0% used [0x0000000774e00000,0x0000000774e00000,0x0000000775800000)
  to   space 10240K, 0% used [0x000000077d600000,0x000000077d600000,0x000000077e000000)
 ParOldGen       total 90624K, used 5513K [0x00000006c7000000, 0x00000006cc880000, 0x000000076d000000)
  object space 90624K, 6% used [0x00000006c7000000,0x00000006c7562488,0x00000006cc880000)
 Metaspace       used 30695K, capacity 32688K, committed 32896K, reserved 1077248K
  class space    used 4075K, capacity 4449K, committed 4480K, reserved 1048576K
Event: 10.746 GC heap after
Heap after GC invocations=5 (full 1):
 PSYoungGen      total 222720K, used 10230K [0x000000076d000000, 0x000000077e000000, 0x00000007c0000000)
  eden space 212480K, 0% used [0x000000076d000000,0x000000076d000000,0x0000000779f80000)
  from space 10240K, 99% used [0x000000077d600000,0x000000077dffd888,0x000000077e000000)
  to   space 10240K, 0% used [0x000000077cc00000,0x000000077cc00000,0x000000077d600000)
 ParOldGen       total 90624K, used 8297K [0x00000006c7000000, 0x00000006cc880000, 0x000000076d000000)
  object space 90624K, 9% used [0x00000006c7000000,0x00000006c781a4a8,0x00000006cc880000)
 Metaspace       used 30695K, capacity 32688K, committed 32896K, reserved 1077248K
  class space    used 4075K, capacity 4449K, committed 4480K, reserved 1048576K
}

