# JRE version: OpenJDK Runtime Environment (8.0_282-b08) (build 1.8.0_282-8u282-b08-0ubuntu1~20.04-b08)
# Java VM: OpenJDK 64-Bit Server VM (25.282-b08 mixed mode linux-amd64 compressed oops)
Heap:
 PSYoungGen      total 112128K, used 93853K [0x000000076d000000, 0x0000000776080000, 0x00000007c0000000)
  eden space 103424K, 82% used [0x000000076d000000,0x00000007723986e0,0x0000000773500000)
  from space 8704K, 94% used [0x0000000775800000,0x000000077600f000,0x0000000776080000)
  to   space 10240K, 0% used [0x0000000774c80000,0x0000000774c80000,0x0000000775680000)
 ParOldGen       total 94720K, used 6444K [0x00000006c7000000, 0x00000006ccc80000, 0x000000076d000000)
  object space 94720K, 6% used [0x00000006c7000000,0x00000006c764b298,0x00000006ccc80000)
 Metaspace       used 29716K, capacity 31730K, committed 32128K, reserved 1077248K
  class space    used 4014K, capacity 4376K, committed 4480K, reserved 1048576K
GC Heap History (10 events):
Event: 0.473 GC heap before
{Heap before GC invocations=1 (full 0):
 PSYoungGen      total 74752K, used 64512K [0x000000076d000000, 0x0000000772300000, 0x00000007c0000000)
  eden space 64512K, 100% used [0x000000076d000000,0x0000000770f00000,0x0000000770f00000)
  from space 10240K, 0% used [0x0000000771900000,0x0000000771900000,0x0000000772300000)
  to   space 10240K, 0% used [0x0000000770f00000,0x0000000770f00000,0x0000000771900000)
 ParOldGen       total 171008K, used 0K [0x00000006c7000000, 0x00000006d1700000, 0x000000076d000000)
  object space 171008K, 0% used [0x00000006c7000000,0x00000006c7000000,0x00000006d1700000)
 Metaspace       used 14795K, capacity 15424K, committed 15744K, reserved 1062912K
  class space    used 1931K, capacity 2078K, committed 2176K, reserved 1048576K
Event: 0.477 GC heap after
Heap after GC invocations=1 (full 0):
 PSYoungGen      total 74752K, used 7552K [0x000000076d000000, 0x0000000772300000, 0x00000007c0000000)
  eden space 64512K, 0% used [0x000000076d000000,0x000000076d000000,0x0000000770f00000)
  from space 10240K, 73% used [0x0000000770f00000,0x00000007716600f8,0x0000000771900000)
  to   space 10240K, 0% used [0x0000000771900000,0x0000000771900000,0x0000000772300000)
 ParOldGen       total 171008K, used 16K [0x00000006c7000000, 0x00000006d1700000, 0x000000076d000000)
  object space 171008K, 0% used [0x00000006c7000000,0x00000006c7004000,0x00000006d1700000)
 Metaspace       used 14795K, capacity 15424K, committed 15744K, reserved 1062912K
  class space    used 1931K, capacity 2078K, committed 2176K, reserved 1048576K
}
Event: 0.727 GC heap before
{Heap before GC invocations=2 (full 0):
 PSYoungGen      total 74752K, used 72064K [0x000000076d000000, 0x0000000772300000, 0x00000007c0000000)
  eden space 64512K, 100% used [0x000000076d000000,0x0000000770f00000,0x0000000770f00000)
  from space 10240K, 73% used [0x0000000770f00000,0x00000007716600f8,0x0000000771900000)
  to   space 10240K, 0% used [0x0000000771900000,0x0000000771900000,0x0000000772300000)
 ParOldGen       total 171008K, used 16K [0x00000006c7000000, 0x00000006d1700000, 0x000000076d000000)
  object space 171008K, 0% used [0x00000006c7000000,0x00000006c7004000,0x00000006d1700000)
 Metaspace       used 19308K, capacity 20308K, committed 20480K, reserved 1067008K
  class space    used 2599K, capacity 2812K, committed 2816K, reserved 1048576K
Event: 0.732 GC heap after
Heap after GC invocations=2 (full 0):
 PSYoungGen      total 74752K, used 10064K [0x000000076d000000, 0x0000000776200000, 0x00000007c0000000)
  eden space 64512K, 0% used [0x000000076d000000,0x000000076d000000,0x0000000770f00000)
  from space 10240K, 98% used [0x0000000771900000,0x00000007722d40f0,0x0000000772300000)
  to   space 10240K, 0% used [0x0000000770f00000,0x0000000770f00000,0x0000000771900000)
 ParOldGen       total 171008K, used 32K [0x00000006c7000000, 0x00000006d1700000, 0x000000076d000000)
  object space 171008K, 0% used [0x00000006c7000000,0x00000006c7008000,0x00000006d1700000)
 Metaspace       used 19308K, capacity 20308K, committed 20480K, reserved 1067008K
  class space    used 2599K, capacity 2812K, committed 2816K, reserved 1048576K
}
Event: 0.767 GC heap before
{Heap before GC invocations=3 (full 0):
 PSYoungGen      total 74752K, used 20534K [0x000000076d000000, 0x0000000776200000, 0x00000007c0000000)
  eden space 64512K, 16% used [0x000000076d000000,0x000000076da398e8,0x0000000770f00000)
  from space 10240K, 98% used [0x0000000771900000,0x00000007722d40f0,0x0000000772300000)
  to   space 10240K, 0% used [0x0000000770f00000,0x0000000770f00000,0x0000000771900000)
 ParOldGen       total 171008K, used 32K [0x00000006c7000000, 0x00000006d1700000, 0x000000076d000000)
  object space 171008K, 0% used [0x00000006c7000000,0x00000006c7008000,0x00000006d1700000)
 Metaspace       used 20129K, capacity 21152K, committed 21296K, reserved 1067008K
  class space    used 2709K, capacity 2942K, committed 2944K, reserved 1048576K
Event: 0.771 GC heap after
Heap after GC invocations=3 (full 0):
 PSYoungGen      total 74752K, used 6641K [0x000000076d000000, 0x0000000776200000, 0x00000007c0000000)
  eden space 64512K, 0% used [0x000000076d000000,0x000000076d000000,0x0000000770f00000)
  from space 10240K, 64% used [0x0000000770f00000,0x000000077157c628,0x0000000771900000)
  to   space 10240K, 0% used [0x0000000775800000,0x0000000775800000,0x0000000776200000)
 ParOldGen       total 171008K, used 40K [0x00000006c7000000, 0x00000006d1700000, 0x000000076d000000)
  object space 171008K, 0% used [0x00000006c7000000,0x00000006c700a000,0x00000006d1700000)
 Metaspace       used 20129K, capacity 21152K, committed 21296K, reserved 1067008K
  class space    used 2709K, capacity 2942K, committed 2944K, reserved 1048576K
}
Event: 0.771 GC heap before
{Heap before GC invocations=4 (full 1):
 PSYoungGen      total 74752K, used 6641K [0x000000076d000000, 0x0000000776200000, 0x00000007c0000000)
  eden space 64512K, 0% used [0x000000076d000000,0x000000076d000000,0x0000000770f00000)
  from space 10240K, 64% used [0x0000000770f00000,0x000000077157c628,0x0000000771900000)
  to   space 10240K, 0% used [0x0000000775800000,0x0000000775800000,0x0000000776200000)
 ParOldGen       total 171008K, used 40K [0x00000006c7000000, 0x00000006d1700000, 0x000000076d000000)
  object space 171008K, 0% used [0x00000006c7000000,0x00000006c700a000,0x00000006d1700000)
 Metaspace       used 20129K, capacity 21152K, committed 21296K, reserved 1067008K
  class space    used 2709K, capacity 2942K, committed 2944K, reserved 1048576K
Event: 0.788 GC heap after
Heap after GC invocations=4 (full 1):
 PSYoungGen      total 74752K, used 0K [0x000000076d000000, 0x0000000776200000, 0x00000007c0000000)
  eden space 64512K, 0% used [0x000000076d000000,0x000000076d000000,0x0000000770f00000)
  from space 10240K, 0% used [0x0000000770f00000,0x0000000770f00000,0x0000000771900000)
  to   space 10240K, 0% used [0x0000000775800000,0x0000000775800000,0x0000000776200000)
 ParOldGen       total 94720K, used 6436K [0x00000006c7000000, 0x00000006ccc80000, 0x000000076d000000)
  object space 94720K, 6% used [0x00000006c7000000,0x00000006c7649298,0x00000006ccc80000)
 Metaspace       used 20129K, capacity 21152K, committed 21296K, reserved 1067008K
  class space    used 2709K, capacity 2942K, committed 2944K, reserved 1048576K
}
Event: 1.057 GC heap before
{Heap before GC invocations=5 (full 1):
 PSYoungGen      total 74752K, used 64512K [0x000000076d000000, 0x0000000776200000, 0x00000007c0000000)
  eden space 64512K, 100% used [0x000000076d000000,0x0000000770f00000,0x0000000770f00000)
  from space 10240K, 0% used [0x0000000770f00000,0x0000000770f00000,0x0000000771900000)
  to   space 10240K, 0% used [0x0000000775800000,0x0000000775800000,0x0000000776200000)
 ParOldGen       total 94720K, used 6436K [0x00000006c7000000, 0x00000006ccc80000, 0x000000076d000000)
  object space 94720K, 6% used [0x00000006c7000000,0x00000006c7649298,0x00000006ccc80000)
 Metaspace       used 25732K, capacity 27572K, committed 27648K, reserved 1073152K
  class space    used 3474K, capacity 3812K, committed 3840K, reserved 1048576K
Event: 1.061 GC heap after
Heap after GC invocations=5 (full 1):
 PSYoungGen      total 112128K, used 8252K [0x000000076d000000, 0x0000000776080000, 0x00000007c0000000)
  eden space 103424K, 0% used [0x000000076d000000,0x000000076d000000,0x0000000773500000)
  from space 8704K, 94% used [0x0000000775800000,0x000000077600f000,0x0000000776080000)
  to   space 10240K, 0% used [0x0000000774c80000,0x0000000774c80000,0x0000000775680000)
 ParOldGen       total 94720K, used 6444K [0x00000006c7000000, 0x00000006ccc80000, 0x000000076d000000)
  object space 94720K, 6% used [0x00000006c7000000,0x00000006c764b298,0x00000006ccc80000)
 Metaspace       used 25732K, capacity 27572K, committed 27648K, reserved 1073152K
  class space    used 3474K, capacity 3812K, committed 3840K, reserved 1048576K
}

