# JRE version: OpenJDK Runtime Environment (8.0_282-b08) (build 1.8.0_282-8u282-b08-0ubuntu1~20.04-b08)
# Java VM: OpenJDK 64-Bit Server VM (25.282-b08 mixed mode linux-amd64 compressed oops)
Heap:
 PSYoungGen      total 217088K, used 47208K [0x000000076d000000, 0x000000077e000000, 0x00000007c0000000)
  eden space 206848K, 17% used [0x000000076d000000,0x000000076f41cce8,0x0000000779a00000)
  from space 10240K, 99% used [0x000000077d600000,0x000000077dffd340,0x000000077e000000)
  to   space 10240K, 0% used [0x000000077cc00000,0x000000077cc00000,0x000000077d600000)
 ParOldGen       total 93184K, used 22942K [0x00000006c7000000, 0x00000006ccb00000, 0x000000076d000000)
  object space 93184K, 24% used [0x00000006c7000000,0x00000006c8667a18,0x00000006ccb00000)
 Metaspace       used 29703K, capacity 31726K, committed 32128K, reserved 1077248K
  class space    used 4014K, capacity 4376K, committed 4480K, reserved 1048576K
GC Heap History (10 events):
Event: 0.450 GC heap before
{Heap before GC invocations=1 (full 0):
 PSYoungGen      total 74752K, used 64512K [0x000000076d000000, 0x0000000772300000, 0x00000007c0000000)
  eden space 64512K, 100% used [0x000000076d000000,0x0000000770f00000,0x0000000770f00000)
  from space 10240K, 0% used [0x0000000771900000,0x0000000771900000,0x0000000772300000)
  to   space 10240K, 0% used [0x0000000770f00000,0x0000000770f00000,0x0000000771900000)
 ParOldGen       total 171008K, used 0K [0x00000006c7000000, 0x00000006d1700000, 0x000000076d000000)
  object space 171008K, 0% used [0x00000006c7000000,0x00000006c7000000,0x00000006d1700000)
 Metaspace       used 14785K, capacity 15424K, committed 15744K, reserved 1062912K
  class space    used 1931K, capacity 2078K, committed 2176K, reserved 1048576K
Event: 0.457 GC heap after
Heap after GC invocations=1 (full 0):
 PSYoungGen      total 74752K, used 7423K [0x000000076d000000, 0x0000000776200000, 0x00000007c0000000)
  eden space 64512K, 0% used [0x000000076d000000,0x000000076d000000,0x0000000770f00000)
  from space 10240K, 72% used [0x0000000770f00000,0x000000077163fcd8,0x0000000771900000)
  to   space 10240K, 0% used [0x0000000775800000,0x0000000775800000,0x0000000776200000)
 ParOldGen       total 171008K, used 16K [0x00000006c7000000, 0x00000006d1700000, 0x000000076d000000)
  object space 171008K, 0% used [0x00000006c7000000,0x00000006c7004000,0x00000006d1700000)
 Metaspace       used 14785K, capacity 15424K, committed 15744K, reserved 1062912K
  class space    used 1931K, capacity 2078K, committed 2176K, reserved 1048576K
}
Event: 0.729 GC heap before
{Heap before GC invocations=2 (full 0):
 PSYoungGen      total 74752K, used 71935K [0x000000076d000000, 0x0000000776200000, 0x00000007c0000000)
  eden space 64512K, 100% used [0x000000076d000000,0x0000000770f00000,0x0000000770f00000)
  from space 10240K, 72% used [0x0000000770f00000,0x000000077163fcd8,0x0000000771900000)
  to   space 10240K, 0% used [0x0000000775800000,0x0000000775800000,0x0000000776200000)
 ParOldGen       total 171008K, used 16K [0x00000006c7000000, 0x00000006d1700000, 0x000000076d000000)
  object space 171008K, 0% used [0x00000006c7000000,0x00000006c7004000,0x00000006d1700000)
 Metaspace       used 19290K, capacity 20304K, committed 20480K, reserved 1067008K
  class space    used 2597K, capacity 2812K, committed 2816K, reserved 1048576K
Event: 0.733 GC heap after
Heap after GC invocations=2 (full 0):
 PSYoungGen      total 139264K, used 10069K [0x000000076d000000, 0x0000000776200000, 0x00000007c0000000)
  eden space 129024K, 0% used [0x000000076d000000,0x000000076d000000,0x0000000774e00000)
  from space 10240K, 98% used [0x0000000775800000,0x00000007761d5600,0x0000000776200000)
  to   space 10240K, 0% used [0x0000000774e00000,0x0000000774e00000,0x0000000775800000)
 ParOldGen       total 171008K, used 32K [0x00000006c7000000, 0x00000006d1700000, 0x000000076d000000)
  object space 171008K, 0% used [0x00000006c7000000,0x00000006c7008000,0x00000006d1700000)
 Metaspace       used 19290K, capacity 20304K, committed 20480K, reserved 1067008K
  class space    used 2597K, capacity 2812K, committed 2816K, reserved 1048576K
}
Event: 0.772 GC heap before
{Heap before GC invocations=3 (full 0):
 PSYoungGen      total 139264K, used 20961K [0x000000076d000000, 0x0000000776200000, 0x00000007c0000000)
  eden space 129024K, 8% used [0x000000076d000000,0x000000076daa2e40,0x0000000774e00000)
  from space 10240K, 98% used [0x0000000775800000,0x00000007761d5600,0x0000000776200000)
  to   space 10240K, 0% used [0x0000000774e00000,0x0000000774e00000,0x0000000775800000)
 ParOldGen       total 171008K, used 32K [0x00000006c7000000, 0x00000006d1700000, 0x000000076d000000)
  object space 171008K, 0% used [0x00000006c7000000,0x00000006c7008000,0x00000006d1700000)
 Metaspace       used 20115K, capacity 21148K, committed 21296K, reserved 1067008K
  class space    used 2709K, capacity 2942K, committed 2944K, reserved 1048576K
Event: 0.776 GC heap after
Heap after GC invocations=3 (full 0):
 PSYoungGen      total 139264K, used 6662K [0x000000076d000000, 0x000000077e000000, 0x00000007c0000000)
  eden space 129024K, 0% used [0x000000076d000000,0x000000076d000000,0x0000000774e00000)
  from space 10240K, 65% used [0x0000000774e00000,0x0000000775481b10,0x0000000775800000)
  to   space 10240K, 0% used [0x000000077d600000,0x000000077d600000,0x000000077e000000)
 ParOldGen       total 171008K, used 40K [0x00000006c7000000, 0x00000006d1700000, 0x000000076d000000)
  object space 171008K, 0% used [0x00000006c7000000,0x00000006c700a000,0x00000006d1700000)
 Metaspace       used 20115K, capacity 21148K, committed 21296K, reserved 1067008K
  class space    used 2709K, capacity 2942K, committed 2944K, reserved 1048576K
}
Event: 0.776 GC heap before
{Heap before GC invocations=4 (full 1):
 PSYoungGen      total 139264K, used 6662K [0x000000076d000000, 0x000000077e000000, 0x00000007c0000000)
  eden space 129024K, 0% used [0x000000076d000000,0x000000076d000000,0x0000000774e00000)
  from space 10240K, 65% used [0x0000000774e00000,0x0000000775481b10,0x0000000775800000)
  to   space 10240K, 0% used [0x000000077d600000,0x000000077d600000,0x000000077e000000)
 ParOldGen       total 171008K, used 40K [0x00000006c7000000, 0x00000006d1700000, 0x000000076d000000)
  object space 171008K, 0% used [0x00000006c7000000,0x00000006c700a000,0x00000006d1700000)
 Metaspace       used 20115K, capacity 21148K, committed 21296K, reserved 1067008K
  class space    used 2709K, capacity 2942K, committed 2944K, reserved 1048576K
Event: 0.790 GC heap after
Heap after GC invocations=4 (full 1):
 PSYoungGen      total 139264K, used 0K [0x000000076d000000, 0x000000077e000000, 0x00000007c0000000)
  eden space 129024K, 0% used [0x000000076d000000,0x000000076d000000,0x0000000774e00000)
  from space 10240K, 0% used [0x0000000774e00000,0x0000000774e00000,0x0000000775800000)
  to   space 10240K, 0% used [0x000000077d600000,0x000000077d600000,0x000000077e000000)
 ParOldGen       total 93184K, used 6443K [0x00000006c7000000, 0x00000006ccb00000, 0x000000076d000000)
  object space 93184K, 6% used [0x00000006c7000000,0x00000006c764afd0,0x00000006ccb00000)
 Metaspace       used 20115K, capacity 21148K, committed 21296K, reserved 1067008K
  class space    used 2709K, capacity 2942K, committed 2944K, reserved 1048576K
}
Event: 19.890 GC heap before
{Heap before GC invocations=5 (full 1):
 PSYoungGen      total 139264K, used 129024K [0x000000076d000000, 0x000000077e000000, 0x00000007c0000000)
  eden space 129024K, 100% used [0x000000076d000000,0x0000000774e00000,0x0000000774e00000)
  from space 10240K, 0% used [0x0000000774e00000,0x0000000774e00000,0x0000000775800000)
  to   space 10240K, 0% used [0x000000077d600000,0x000000077d600000,0x000000077e000000)
 ParOldGen       total 93184K, used 6443K [0x00000006c7000000, 0x00000006ccb00000, 0x000000076d000000)
  object space 93184K, 6% used [0x00000006c7000000,0x00000006c764afd0,0x00000006ccb00000)
 Metaspace       used 29423K, capacity 31400K, committed 31744K, reserved 1077248K
  class space    used 3947K, capacity 4311K, committed 4352K, reserved 1048576K
Event: 19.897 GC heap after
Heap after GC invocations=5 (full 1):
 PSYoungGen      total 217088K, used 10228K [0x000000076d000000, 0x000000077e000000, 0x00000007c0000000)
  eden space 206848K, 0% used [0x000000076d000000,0x000000076d000000,0x0000000779a00000)
  from space 10240K, 99% used [0x000000077d600000,0x000000077dffd340,0x000000077e000000)
  to   space 10240K, 0% used [0x000000077cc00000,0x000000077cc00000,0x000000077d600000)
 ParOldGen       total 93184K, used 22942K [0x00000006c7000000, 0x00000006ccb00000, 0x000000076d000000)
  object space 93184K, 24% used [0x00000006c7000000,0x00000006c8667a18,0x00000006ccb00000)
 Metaspace       used 29423K, capacity 31400K, committed 31744K, reserved 1077248K
  class space    used 3947K, capacity 4311K, committed 4352K, reserved 1048576K
}

