# JRE version: OpenJDK Runtime Environment (8.0_282-b08) (build 1.8.0_282-8u282-b08-0ubuntu1~20.04-b08)
# Java VM: OpenJDK 64-Bit Server VM (25.282-b08 mixed mode linux-amd64 compressed oops)
Heap:
 PSYoungGen      total 137216K, used 32228K [0x000000076d000000, 0x0000000779980000, 0x00000007c0000000)
  eden space 126976K, 17% used [0x000000076d000000,0x000000076e57aab8,0x0000000774c00000)
  from space 10240K, 99% used [0x0000000774c00000,0x00000007755fe6f8,0x0000000775600000)
  to   space 17920K, 0% used [0x0000000778800000,0x0000000778800000,0x0000000779980000)
 ParOldGen       total 90624K, used 13560K [0x00000006c7000000, 0x00000006cc880000, 0x000000076d000000)
  object space 90624K, 14% used [0x00000006c7000000,0x00000006c7d3e278,0x00000006cc880000)
 Metaspace       used 32171K, capacity 34230K, committed 34432K, reserved 1079296K
  class space    used 4313K, capacity 4696K, committed 4736K, reserved 1048576K
GC Heap History (10 events):
Event: 0.665 GC heap before
{Heap before GC invocations=2 (full 0):
 PSYoungGen      total 74752K, used 71992K [0x000000076d000000, 0x0000000772300000, 0x00000007c0000000)
  eden space 64512K, 100% used [0x000000076d000000,0x0000000770f00000,0x0000000770f00000)
  from space 10240K, 73% used [0x0000000770f00000,0x000000077164e3c0,0x0000000771900000)
  to   space 10240K, 0% used [0x0000000771900000,0x0000000771900000,0x0000000772300000)
 ParOldGen       total 171008K, used 16K [0x00000006c7000000, 0x00000006d1700000, 0x000000076d000000)
  object space 171008K, 0% used [0x00000006c7000000,0x00000006c7004000,0x00000006d1700000)
 Metaspace       used 20187K, capacity 21132K, committed 21296K, reserved 1067008K
  class space    used 2661K, capacity 2864K, committed 2944K, reserved 1048576K
Event: 0.670 GC heap after
Heap after GC invocations=2 (full 0):
 PSYoungGen      total 74752K, used 10232K [0x000000076d000000, 0x0000000776200000, 0x00000007c0000000)
  eden space 64512K, 0% used [0x000000076d000000,0x000000076d000000,0x0000000770f00000)
  from space 10240K, 99% used [0x0000000771900000,0x00000007722fe1a0,0x0000000772300000)
  to   space 10240K, 0% used [0x0000000770f00000,0x0000000770f00000,0x0000000771900000)
 ParOldGen       total 171008K, used 877K [0x00000006c7000000, 0x00000006d1700000, 0x000000076d000000)
  object space 171008K, 0% used [0x00000006c7000000,0x00000006c70db4b0,0x00000006d1700000)
 Metaspace       used 20187K, capacity 21132K, committed 21296K, reserved 1067008K
  class space    used 2661K, capacity 2864K, committed 2944K, reserved 1048576K
}
Event: 0.691 GC heap before
{Heap before GC invocations=3 (full 0):
 PSYoungGen      total 74752K, used 16308K [0x000000076d000000, 0x0000000776200000, 0x00000007c0000000)
  eden space 64512K, 9% used [0x000000076d000000,0x000000076d5ef0a8,0x0000000770f00000)
  from space 10240K, 99% used [0x0000000771900000,0x00000007722fe1a0,0x0000000772300000)
  to   space 10240K, 0% used [0x0000000770f00000,0x0000000770f00000,0x0000000771900000)
 ParOldGen       total 171008K, used 877K [0x00000006c7000000, 0x00000006d1700000, 0x000000076d000000)
  object space 171008K, 0% used [0x00000006c7000000,0x00000006c70db4b0,0x00000006d1700000)
 Metaspace       used 20273K, capacity 21200K, committed 21296K, reserved 1067008K
  class space    used 2676K, capacity 2902K, committed 2944K, reserved 1048576K
Event: 0.694 GC heap after
Heap after GC invocations=3 (full 0):
 PSYoungGen      total 74752K, used 5696K [0x000000076d000000, 0x0000000776200000, 0x00000007c0000000)
  eden space 64512K, 0% used [0x000000076d000000,0x000000076d000000,0x0000000770f00000)
  from space 10240K, 55% used [0x0000000770f00000,0x0000000771490050,0x0000000771900000)
  to   space 10240K, 0% used [0x0000000775800000,0x0000000775800000,0x0000000776200000)
 ParOldGen       total 171008K, used 885K [0x00000006c7000000, 0x00000006d1700000, 0x000000076d000000)
  object space 171008K, 0% used [0x00000006c7000000,0x00000006c70dd4b0,0x00000006d1700000)
 Metaspace       used 20273K, capacity 21200K, committed 21296K, reserved 1067008K
  class space    used 2676K, capacity 2902K, committed 2944K, reserved 1048576K
}
Event: 0.694 GC heap before
{Heap before GC invocations=4 (full 1):
 PSYoungGen      total 74752K, used 5696K [0x000000076d000000, 0x0000000776200000, 0x00000007c0000000)
  eden space 64512K, 0% used [0x000000076d000000,0x000000076d000000,0x0000000770f00000)
  from space 10240K, 55% used [0x0000000770f00000,0x0000000771490050,0x0000000771900000)
  to   space 10240K, 0% used [0x0000000775800000,0x0000000775800000,0x0000000776200000)
 ParOldGen       total 171008K, used 885K [0x00000006c7000000, 0x00000006d1700000, 0x000000076d000000)
  object space 171008K, 0% used [0x00000006c7000000,0x00000006c70dd4b0,0x00000006d1700000)
 Metaspace       used 20273K, capacity 21200K, committed 21296K, reserved 1067008K
  class space    used 2676K, capacity 2902K, committed 2944K, reserved 1048576K
Event: 0.710 GC heap after
Heap after GC invocations=4 (full 1):
 PSYoungGen      total 74752K, used 0K [0x000000076d000000, 0x0000000776200000, 0x00000007c0000000)
  eden space 64512K, 0% used [0x000000076d000000,0x000000076d000000,0x0000000770f00000)
  from space 10240K, 0% used [0x0000000770f00000,0x0000000770f00000,0x0000000771900000)
  to   space 10240K, 0% used [0x0000000775800000,0x0000000775800000,0x0000000776200000)
 ParOldGen       total 90624K, used 5524K [0x00000006c7000000, 0x00000006cc880000, 0x000000076d000000)
  object space 90624K, 6% used [0x00000006c7000000,0x00000006c7565138,0x00000006cc880000)
 Metaspace       used 20273K, capacity 21200K, committed 21296K, reserved 1067008K
  class space    used 2676K, capacity 2902K, committed 2944K, reserved 1048576K
}
Event: 0.992 GC heap before
{Heap before GC invocations=5 (full 1):
 PSYoungGen      total 74752K, used 64512K [0x000000076d000000, 0x0000000776200000, 0x00000007c0000000)
  eden space 64512K, 100% used [0x000000076d000000,0x0000000770f00000,0x0000000770f00000)
  from space 10240K, 0% used [0x0000000770f00000,0x0000000770f00000,0x0000000771900000)
  to   space 10240K, 0% used [0x0000000775800000,0x0000000775800000,0x0000000776200000)
 ParOldGen       total 90624K, used 5524K [0x00000006c7000000, 0x00000006cc880000, 0x000000076d000000)
  object space 90624K, 6% used [0x00000006c7000000,0x00000006c7565138,0x00000006cc880000)
 Metaspace       used 26022K, capacity 27616K, committed 27904K, reserved 1073152K
  class space    used 3460K, capacity 3796K, committed 3840K, reserved 1048576K
Event: 0.996 GC heap after
Heap after GC invocations=5 (full 1):
 PSYoungGen      total 115200K, used 8025K [0x000000076d000000, 0x0000000776000000, 0x00000007c0000000)
  eden space 107008K, 0% used [0x000000076d000000,0x000000076d000000,0x0000000773880000)
  from space 8192K, 97% used [0x0000000775800000,0x0000000775fd6788,0x0000000776000000)
  to   space 10240K, 0% used [0x0000000774c00000,0x0000000774c00000,0x0000000775600000)
 ParOldGen       total 90624K, used 5532K [0x00000006c7000000, 0x00000006cc880000, 0x000000076d000000)
  object space 90624K, 6% used [0x00000006c7000000,0x00000006c7567138,0x00000006cc880000)
 Metaspace       used 26022K, capacity 27616K, committed 27904K, reserved 1073152K
  class space    used 3460K, capacity 3796K, committed 3840K, reserved 1048576K
}
Event: 4.971 GC heap before
{Heap before GC invocations=6 (full 1):
 PSYoungGen      total 115200K, used 115033K [0x000000076d000000, 0x0000000776000000, 0x00000007c0000000)
  eden space 107008K, 100% used [0x000000076d000000,0x0000000773880000,0x0000000773880000)
  from space 8192K, 97% used [0x0000000775800000,0x0000000775fd6788,0x0000000776000000)
  to   space 10240K, 0% used [0x0000000774c00000,0x0000000774c00000,0x0000000775600000)
 ParOldGen       total 90624K, used 5532K [0x00000006c7000000, 0x00000006cc880000, 0x000000076d000000)
  object space 90624K, 6% used [0x00000006c7000000,0x00000006c7567138,0x00000006cc880000)
 Metaspace       used 31916K, capacity 33968K, committed 34176K, reserved 1079296K
  class space    used 4248K, capacity 4631K, committed 4736K, reserved 1048576K
Event: 4.975 GC heap after
Heap after GC invocations=6 (full 1):
 PSYoungGen      total 137216K, used 10233K [0x000000076d000000, 0x0000000779980000, 0x00000007c0000000)
  eden space 126976K, 0% used [0x000000076d000000,0x000000076d000000,0x0000000774c00000)
  from space 10240K, 99% used [0x0000000774c00000,0x00000007755fe6f8,0x0000000775600000)
  to   space 17920K, 0% used [0x0000000778800000,0x0000000778800000,0x0000000779980000)
 ParOldGen       total 90624K, used 13560K [0x00000006c7000000, 0x00000006cc880000, 0x000000076d000000)
  object space 90624K, 14% used [0x00000006c7000000,0x00000006c7d3e278,0x00000006cc880000)
 Metaspace       used 31916K, capacity 33968K, committed 34176K, reserved 1079296K
  class space    used 4248K, capacity 4631K, committed 4736K, reserved 1048576K
}

