# JRE version: OpenJDK Runtime Environment (8.0_282-b08) (build 1.8.0_282-8u282-b08-0ubuntu1~20.04-b08)
# Java VM: OpenJDK 64-Bit Server VM (25.282-b08 mixed mode linux-amd64 compressed oops)
Heap:
 PSYoungGen      total 137216K, used 31313K [0x000000076d000000, 0x0000000779e00000, 0x00000007c0000000)
  eden space 126976K, 16% used [0x000000076d000000,0x000000076e494a80,0x0000000774c00000)
  from space 10240K, 99% used [0x0000000774c00000,0x00000007755ffc68,0x0000000775600000)
  to   space 17920K, 0% used [0x0000000778c80000,0x0000000778c80000,0x0000000779e00000)
 ParOldGen       total 89600K, used 13620K [0x00000006c7000000, 0x00000006cc780000, 0x000000076d000000)
  object space 89600K, 15% used [0x00000006c7000000,0x00000006c7d4d2a0,0x00000006cc780000)
 Metaspace       used 32142K, capacity 34162K, committed 34432K, reserved 1079296K
  class space    used 4309K, capacity 4696K, committed 4736K, reserved 1048576K
GC Heap History (10 events):
Event: 0.676 GC heap before
{Heap before GC invocations=2 (full 0):
 PSYoungGen      total 74752K, used 71916K [0x000000076d000000, 0x0000000772300000, 0x00000007c0000000)
  eden space 64512K, 100% used [0x000000076d000000,0x0000000770f00000,0x0000000770f00000)
  from space 10240K, 72% used [0x0000000770f00000,0x000000077163b1c0,0x0000000771900000)
  to   space 10240K, 0% used [0x0000000771900000,0x0000000771900000,0x0000000772300000)
 ParOldGen       total 171008K, used 16K [0x00000006c7000000, 0x00000006d1700000, 0x000000076d000000)
  object space 171008K, 0% used [0x00000006c7000000,0x00000006c7004000,0x00000006d1700000)
 Metaspace       used 20135K, capacity 21004K, committed 21120K, reserved 1067008K
  class space    used 2656K, capacity 2864K, committed 2944K, reserved 1048576K
Event: 0.681 GC heap after
Heap after GC invocations=2 (full 0):
 PSYoungGen      total 74752K, used 10224K [0x000000076d000000, 0x0000000776200000, 0x00000007c0000000)
  eden space 64512K, 0% used [0x000000076d000000,0x000000076d000000,0x0000000770f00000)
  from space 10240K, 99% used [0x0000000771900000,0x00000007722fc018,0x0000000772300000)
  to   space 10240K, 0% used [0x0000000770f00000,0x0000000770f00000,0x0000000771900000)
 ParOldGen       total 171008K, used 824K [0x00000006c7000000, 0x00000006d1700000, 0x000000076d000000)
  object space 171008K, 0% used [0x00000006c7000000,0x00000006c70ce2f0,0x00000006d1700000)
 Metaspace       used 20135K, capacity 21004K, committed 21120K, reserved 1067008K
  class space    used 2656K, capacity 2864K, committed 2944K, reserved 1048576K
}
Event: 0.705 GC heap before
{Heap before GC invocations=3 (full 0):
 PSYoungGen      total 74752K, used 17432K [0x000000076d000000, 0x0000000776200000, 0x00000007c0000000)
  eden space 64512K, 11% used [0x000000076d000000,0x000000076d70a130,0x0000000770f00000)
  from space 10240K, 99% used [0x0000000771900000,0x00000007722fc018,0x0000000772300000)
  to   space 10240K, 0% used [0x0000000770f00000,0x0000000770f00000,0x0000000771900000)
 ParOldGen       total 171008K, used 824K [0x00000006c7000000, 0x00000006d1700000, 0x000000076d000000)
  object space 171008K, 0% used [0x00000006c7000000,0x00000006c70ce2f0,0x00000006d1700000)
 Metaspace       used 20316K, capacity 21216K, committed 21296K, reserved 1067008K
  class space    used 2685K, capacity 2906K, committed 2944K, reserved 1048576K
Event: 0.708 GC heap after
Heap after GC invocations=3 (full 0):
 PSYoungGen      total 74752K, used 5893K [0x000000076d000000, 0x0000000776200000, 0x00000007c0000000)
  eden space 64512K, 0% used [0x000000076d000000,0x000000076d000000,0x0000000770f00000)
  from space 10240K, 57% used [0x0000000770f00000,0x00000007714c16f8,0x0000000771900000)
  to   space 10240K, 0% used [0x0000000775800000,0x0000000775800000,0x0000000776200000)
 ParOldGen       total 171008K, used 832K [0x00000006c7000000, 0x00000006d1700000, 0x000000076d000000)
  object space 171008K, 0% used [0x00000006c7000000,0x00000006c70d02f0,0x00000006d1700000)
 Metaspace       used 20316K, capacity 21216K, committed 21296K, reserved 1067008K
  class space    used 2685K, capacity 2906K, committed 2944K, reserved 1048576K
}
Event: 0.708 GC heap before
{Heap before GC invocations=4 (full 1):
 PSYoungGen      total 74752K, used 5893K [0x000000076d000000, 0x0000000776200000, 0x00000007c0000000)
  eden space 64512K, 0% used [0x000000076d000000,0x000000076d000000,0x0000000770f00000)
  from space 10240K, 57% used [0x0000000770f00000,0x00000007714c16f8,0x0000000771900000)
  to   space 10240K, 0% used [0x0000000775800000,0x0000000775800000,0x0000000776200000)
 ParOldGen       total 171008K, used 832K [0x00000006c7000000, 0x00000006d1700000, 0x000000076d000000)
  object space 171008K, 0% used [0x00000006c7000000,0x00000006c70d02f0,0x00000006d1700000)
 Metaspace       used 20316K, capacity 21216K, committed 21296K, reserved 1067008K
  class space    used 2685K, capacity 2906K, committed 2944K, reserved 1048576K
Event: 0.723 GC heap after
Heap after GC invocations=4 (full 1):
 PSYoungGen      total 74752K, used 0K [0x000000076d000000, 0x0000000776200000, 0x00000007c0000000)
  eden space 64512K, 0% used [0x000000076d000000,0x000000076d000000,0x0000000770f00000)
  from space 10240K, 0% used [0x0000000770f00000,0x0000000770f00000,0x0000000771900000)
  to   space 10240K, 0% used [0x0000000775800000,0x0000000775800000,0x0000000776200000)
 ParOldGen       total 89600K, used 5673K [0x00000006c7000000, 0x00000006cc780000, 0x000000076d000000)
  object space 89600K, 6% used [0x00000006c7000000,0x00000006c758a718,0x00000006cc780000)
 Metaspace       used 20316K, capacity 21216K, committed 21296K, reserved 1067008K
  class space    used 2685K, capacity 2906K, committed 2944K, reserved 1048576K
}
Event: 0.996 GC heap before
{Heap before GC invocations=5 (full 1):
 PSYoungGen      total 74752K, used 64512K [0x000000076d000000, 0x0000000776200000, 0x00000007c0000000)
  eden space 64512K, 100% used [0x000000076d000000,0x0000000770f00000,0x0000000770f00000)
  from space 10240K, 0% used [0x0000000770f00000,0x0000000770f00000,0x0000000771900000)
  to   space 10240K, 0% used [0x0000000775800000,0x0000000775800000,0x0000000776200000)
 ParOldGen       total 89600K, used 5673K [0x00000006c7000000, 0x00000006cc780000, 0x000000076d000000)
  object space 89600K, 6% used [0x00000006c7000000,0x00000006c758a718,0x00000006cc780000)
 Metaspace       used 25987K, capacity 27584K, committed 27904K, reserved 1073152K
  class space    used 3452K, capacity 3764K, committed 3840K, reserved 1048576K
Event: 1.000 GC heap after
Heap after GC invocations=5 (full 1):
 PSYoungGen      total 116736K, used 7921K [0x000000076d000000, 0x0000000776000000, 0x00000007c0000000)
  eden space 108544K, 0% used [0x000000076d000000,0x000000076d000000,0x0000000773a00000)
  from space 8192K, 96% used [0x0000000775800000,0x0000000775fbc748,0x0000000776000000)
  to   space 10240K, 0% used [0x0000000774c00000,0x0000000774c00000,0x0000000775600000)
 ParOldGen       total 89600K, used 5681K [0x00000006c7000000, 0x00000006cc780000, 0x000000076d000000)
  object space 89600K, 6% used [0x00000006c7000000,0x00000006c758c718,0x00000006cc780000)
 Metaspace       used 25987K, capacity 27584K, committed 27904K, reserved 1073152K
  class space    used 3452K, capacity 3764K, committed 3840K, reserved 1048576K
}
Event: 38.256 GC heap before
{Heap before GC invocations=6 (full 1):
 PSYoungGen      total 116736K, used 116465K [0x000000076d000000, 0x0000000776000000, 0x00000007c0000000)
  eden space 108544K, 100% used [0x000000076d000000,0x0000000773a00000,0x0000000773a00000)
  from space 8192K, 96% used [0x0000000775800000,0x0000000775fbc748,0x0000000776000000)
  to   space 10240K, 0% used [0x0000000774c00000,0x0000000774c00000,0x0000000775600000)
 ParOldGen       total 89600K, used 5681K [0x00000006c7000000, 0x00000006cc780000, 0x000000076d000000)
  object space 89600K, 6% used [0x00000006c7000000,0x00000006c758c718,0x00000006cc780000)
 Metaspace       used 31885K, capacity 33900K, committed 34176K, reserved 1079296K
  class space    used 4243K, capacity 4631K, committed 4736K, reserved 1048576K
Event: 38.261 GC heap after
Heap after GC invocations=6 (full 1):
 PSYoungGen      total 137216K, used 10239K [0x000000076d000000, 0x0000000779e00000, 0x00000007c0000000)
  eden space 126976K, 0% used [0x000000076d000000,0x000000076d000000,0x0000000774c00000)
  from space 10240K, 99% used [0x0000000774c00000,0x00000007755ffc68,0x0000000775600000)
  to   space 17920K, 0% used [0x0000000778c80000,0x0000000778c80000,0x0000000779e00000)
 ParOldGen       total 89600K, used 13620K [0x00000006c7000000, 0x00000006cc780000, 0x000000076d000000)
  object space 89600K, 15% used [0x00000006c7000000,0x00000006c7d4d2a0,0x00000006cc780000)
 Metaspace       used 31885K, capacity 33900K, committed 34176K, reserved 1079296K
  class space    used 4243K, capacity 4631K, committed 4736K, reserved 1048576K
}

